<?xml version="1.0" encoding="UTF-8"?>
<testng-results total="3" passed="3" failed="0" skipped="0">
  <reporter-output>
  </reporter-output>
  <suite started-at="2025-03-14T16:23:02Z" name="Suite" finished-at="2025-03-14T16:23:02Z" duration-ms="18">
    <groups>
    </groups>
    <test started-at="2025-03-14T16:23:02Z" name="test" finished-at="2025-03-14T16:23:02Z" duration-ms="18">
      <class name="basic.JenkinsTest">
        <test-method signature="tetsing()[pri:0, instance:basic.JenkinsTest@548a102f]" started-at="2025-03-14T21:53:02Z" name="tetsing" finished-at="2025-03-14T21:53:02Z" duration-ms="10" status="PASS">
          <reporter-output>
          </reporter-output>
        </test-method> <!-- tetsing -->
        <test-method signature="tetsing2()[pri:0, instance:basic.JenkinsTest@548a102f]" started-at="2025-03-14T21:53:02Z" name="tetsing2" finished-at="2025-03-14T21:53:02Z" duration-ms="0" status="PASS">
          <reporter-output>
          </reporter-output>
        </test-method> <!-- tetsing2 -->
        <test-method signature="tetsing1()[pri:0, instance:basic.JenkinsTest@548a102f]" started-at="2025-03-14T21:53:02Z" name="tetsing1" finished-at="2025-03-14T21:53:02Z" duration-ms="0" status="PASS">
          <reporter-output>
          </reporter-output>
        </test-method> <!-- tetsing1 -->
      </class> <!-- basic.JenkinsTest -->
    </test> <!-- test -->
  </suite> <!-- Suite -->
</testng-results>
